# JRE version: OpenJDK Runtime Environment (11.0.4+11) (build 11.0.4+11-post-Ubuntu-1ubuntu218.04.3)
# Java VM: OpenJDK 64-Bit Server VM (11.0.4+11-post-Ubuntu-1ubuntu218.04.3, mixed mode, sharing, tiered, compressed oops, g1 gc, linux-amd64)
Heap:
 garbage-first heap   total 549888K, used 58096K [0x00000000c0000000, 0x0000000100000000)
  region size 1024K, 1 young (1024K), 1 survivors (1024K)
 Metaspace       used 38430K, capacity 40872K, committed 41292K, reserved 1085440K
  class space    used 3996K, capacity 4925K, committed 4992K, reserved 1048576K
GC Heap History (10 events):
Event: 12.969 GC heap after
{Heap after GC invocations=16 (full 0):
 garbage-first heap   total 118784K, used 34816K [0x00000000c0000000, 0x0000000100000000)
  region size 1024K, 6 young (6144K), 6 survivors (6144K)
 Metaspace       used 35661K, capacity 37948K, committed 38220K, reserved 1083392K
  class space    used 3775K, capacity 4653K, committed 4736K, reserved 1048576K
}
Event: 13.930 GC heap before
{Heap before GC invocations=16 (full 0):
 garbage-first heap   total 118784K, used 87040K [0x00000000c0000000, 0x0000000100000000)
  region size 1024K, 58 young (59392K), 6 survivors (6144K)
 Metaspace       used 37419K, capacity 39742K, committed 40140K, reserved 1085440K
  class space    used 3933K, capacity 4778K, committed 4864K, reserved 1048576K
}
Event: 14.007 GC heap after
{Heap after GC invocations=17 (full 0):
 garbage-first heap   total 216064K, used 40664K [0x00000000c0000000, 0x0000000100000000)
  region size 1024K, 6 young (6144K), 6 survivors (6144K)
 Metaspace       used 37419K, capacity 39742K, committed 40140K, reserved 1085440K
  class space    used 3933K, capacity 4778K, committed 4864K, reserved 1048576K
}
Event: 14.783 GC heap before
{Heap before GC invocations=17 (full 0):
 garbage-first heap   total 216064K, used 101080K [0x00000000c0000000, 0x0000000100000000)
  region size 1024K, 66 young (67584K), 6 survivors (6144K)
 Metaspace       used 37641K, capacity 39877K, committed 40140K, reserved 1085440K
  class space    used 3936K, capacity 4780K, committed 4864K, reserved 1048576K
}
Event: 14.866 GC heap after
{Heap after GC invocations=18 (full 0):
 garbage-first heap   total 216064K, used 46592K [0x00000000c0000000, 0x0000000100000000)
  region size 1024K, 6 young (6144K), 6 survivors (6144K)
 Metaspace       used 37641K, capacity 39877K, committed 40140K, reserved 1085440K
  class space    used 3936K, capacity 4780K, committed 4864K, reserved 1048576K
}
Event: 17.045 GC heap before
{Heap before GC invocations=18 (full 0):
 garbage-first heap   total 216064K, used 151040K [0x00000000c0000000, 0x0000000100000000)
  region size 1024K, 108 young (110592K), 6 survivors (6144K)
 Metaspace       used 38418K, capacity 40872K, committed 41292K, reserved 1085440K
  class space    used 3995K, capacity 4925K, committed 4992K, reserved 1048576K
}
Event: 18.356 GC heap after
{Heap after GC invocations=19 (full 0):
 garbage-first heap   total 216064K, used 56832K [0x00000000c0000000, 0x0000000100000000)
  region size 1024K, 14 young (14336K), 14 survivors (14336K)
 Metaspace       used 38418K, capacity 40872K, committed 41292K, reserved 1085440K
  class space    used 3995K, capacity 4925K, committed 4992K, reserved 1048576K
}
Event: 18.481 GC heap before
{Heap before GC invocations=19 (full 0):
 garbage-first heap   total 216064K, used 56832K [0x00000000c0000000, 0x0000000100000000)
  region size 1024K, 15 young (15360K), 14 survivors (14336K)
 Metaspace       used 38420K, capacity 40872K, committed 41292K, reserved 1085440K
  class space    used 3995K, capacity 4925K, committed 4992K, reserved 1048576K
}
Event: 19.841 GC heap after
{Heap after GC invocations=20 (full 0):
 garbage-first heap   total 216064K, used 57584K [0x00000000c0000000, 0x0000000100000000)
  region size 1024K, 1 young (1024K), 1 survivors (1024K)
 Metaspace       used 38420K, capacity 40872K, committed 41292K, reserved 1085440K
  class space    used 3995K, capacity 4925K, committed 4992K, reserved 1048576K
}
Event: 22.352 GC heap before
{Heap before GC invocations=20 (full 0):
 garbage-first heap   total 216064K, used 66800K [0x00000000c0000000, 0x0000000100000000)
  region size 1024K, 10 young (10240K), 1 survivors (1024K)
 Metaspace       used 38430K, capacity 40872K, committed 41292K, reserved 1085440K
  class space    used 3996K, capacity 4925K, committed 4992K, reserved 1048576K
}

