# JRE version: OpenJDK Runtime Environment (11.0.4+11) (build 11.0.4+11-post-Ubuntu-1ubuntu218.04.3)
# Java VM: OpenJDK 64-Bit Server VM (11.0.4+11-post-Ubuntu-1ubuntu218.04.3, mixed mode, sharing, tiered, compressed oops, g1 gc, linux-amd64)
Heap:
 garbage-first heap   total 428032K, used 49152K [0x00000000c0000000, 0x0000000100000000)
  region size 1024K, 2 young (2048K), 2 survivors (2048K)
 Metaspace       used 36959K, capacity 39202K, committed 39296K, reserved 1083392K
  class space    used 3881K, capacity 4732K, committed 4736K, reserved 1048576K
GC Heap History (10 events):
Event: 18.949 GC heap after
{Heap after GC invocations=20 (full 0):
 garbage-first heap   total 231424K, used 39888K [0x00000000c0000000, 0x0000000100000000)
  region size 1024K, 5 young (5120K), 5 survivors (5120K)
 Metaspace       used 35388K, capacity 37599K, committed 37888K, reserved 1083392K
  class space    used 3722K, capacity 4580K, committed 4608K, reserved 1048576K
}
Event: 19.029 GC heap before
{Heap before GC invocations=20 (full 0):
 garbage-first heap   total 231424K, used 46032K [0x00000000c0000000, 0x0000000100000000)
  region size 1024K, 11 young (11264K), 5 survivors (5120K)
 Metaspace       used 35389K, capacity 37599K, committed 37888K, reserved 1083392K
  class space    used 3722K, capacity 4580K, committed 4608K, reserved 1048576K
}
Event: 19.094 GC heap after
{Heap after GC invocations=21 (full 0):
 garbage-first heap   total 284672K, used 40947K [0x00000000c0000000, 0x0000000100000000)
  region size 1024K, 1 young (1024K), 1 survivors (1024K)
 Metaspace       used 35389K, capacity 37599K, committed 37888K, reserved 1083392K
  class space    used 3722K, capacity 4580K, committed 4608K, reserved 1048576K
}
Event: 19.320 GC heap before
{Heap before GC invocations=21 (full 0):
 garbage-first heap   total 284672K, used 53235K [0x00000000c0000000, 0x0000000100000000)
  region size 1024K, 14 young (14336K), 1 survivors (1024K)
 Metaspace       used 35391K, capacity 37599K, committed 37888K, reserved 1083392K
  class space    used 3722K, capacity 4580K, committed 4608K, reserved 1048576K
}
Event: 19.398 GC heap after
{Heap after GC invocations=22 (full 0):
 garbage-first heap   total 284672K, used 41878K [0x00000000c0000000, 0x0000000100000000)
  region size 1024K, 2 young (2048K), 2 survivors (2048K)
 Metaspace       used 35391K, capacity 37599K, committed 37888K, reserved 1083392K
  class space    used 3722K, capacity 4580K, committed 4608K, reserved 1048576K
}
Event: 19.906 GC heap before
{Heap before GC invocations=22 (full 0):
 garbage-first heap   total 284672K, used 58262K [0x00000000c0000000, 0x0000000100000000)
  region size 1024K, 18 young (18432K), 2 survivors (2048K)
 Metaspace       used 35748K, capacity 37932K, committed 38144K, reserved 1083392K
  class space    used 3749K, capacity 4584K, committed 4608K, reserved 1048576K
}
Event: 19.993 GC heap after
{Heap after GC invocations=23 (full 0):
 garbage-first heap   total 284672K, used 44666K [0x00000000c0000000, 0x0000000100000000)
  region size 1024K, 3 young (3072K), 3 survivors (3072K)
 Metaspace       used 35748K, capacity 37932K, committed 38144K, reserved 1083392K
  class space    used 3749K, capacity 4584K, committed 4608K, reserved 1048576K
}
Event: 20.835 GC heap before
{Heap before GC invocations=23 (full 0):
 garbage-first heap   total 284672K, used 66170K [0x00000000c0000000, 0x0000000100000000)
  region size 1024K, 24 young (24576K), 3 survivors (3072K)
 Metaspace       used 36549K, capacity 38759K, committed 39040K, reserved 1083392K
  class space    used 3838K, capacity 4689K, committed 4736K, reserved 1048576K
}
Event: 21.026 GC heap after
{Heap after GC invocations=24 (full 0):
 garbage-first heap   total 284672K, used 47235K [0x00000000c0000000, 0x0000000100000000)
  region size 1024K, 3 young (3072K), 3 survivors (3072K)
 Metaspace       used 36549K, capacity 38759K, committed 39040K, reserved 1083392K
  class space    used 3838K, capacity 4689K, committed 4736K, reserved 1048576K
}
Event: 21.479 GC heap before
{Heap before GC invocations=24 (full 0):
 garbage-first heap   total 284672K, used 65667K [0x00000000c0000000, 0x0000000100000000)
  region size 1024K, 22 young (22528K), 3 survivors (3072K)
 Metaspace       used 36959K, capacity 39202K, committed 39296K, reserved 1083392K
  class space    used 3881K, capacity 4732K, committed 4736K, reserved 1048576K
}

