# JRE version: OpenJDK Runtime Environment (11.0.4+11) (build 11.0.4+11-post-Ubuntu-1ubuntu218.04.3)
# Java VM: OpenJDK 64-Bit Server VM (11.0.4+11-post-Ubuntu-1ubuntu218.04.3, mixed mode, sharing, tiered, compressed oops, g1 gc, linux-amd64)
Heap:
 garbage-first heap   total 587776K, used 55808K [0x00000000c0000000, 0x0000000100000000)
  region size 1024K, 2 young (2048K), 2 survivors (2048K)
 Metaspace       used 36144K, capacity 38451K, committed 38760K, reserved 1083392K
  class space    used 3796K, capacity 4690K, committed 4812K, reserved 1048576K
GC Heap History (10 events):
Event: 29.460 GC heap after
{Heap after GC invocations=24 (full 0):
 garbage-first heap   total 338944K, used 38320K [0x00000000c0000000, 0x0000000100000000)
  region size 1024K, 4 young (4096K), 4 survivors (4096K)
 Metaspace       used 35246K, capacity 37512K, committed 37864K, reserved 1083392K
  class space    used 3704K, capacity 4550K, committed 4684K, reserved 1048576K
}
Event: 29.810 GC heap before
{Heap before GC invocations=24 (full 0):
 garbage-first heap   total 338944K, used 71088K [0x00000000c0000000, 0x0000000100000000)
  region size 1024K, 37 young (37888K), 4 survivors (4096K)
 Metaspace       used 35247K, capacity 37512K, committed 37864K, reserved 1083392K
  class space    used 3704K, capacity 4550K, committed 4684K, reserved 1048576K
}
Event: 29.955 GC heap after
{Heap after GC invocations=25 (full 0):
 garbage-first heap   total 389120K, used 41904K [0x00000000c0000000, 0x0000000100000000)
  region size 1024K, 4 young (4096K), 4 survivors (4096K)
 Metaspace       used 35247K, capacity 37512K, committed 37864K, reserved 1083392K
  class space    used 3704K, capacity 4550K, committed 4684K, reserved 1048576K
}
Event: 30.385 GC heap before
{Heap before GC invocations=25 (full 0):
 garbage-first heap   total 389120K, used 74672K [0x00000000c0000000, 0x0000000100000000)
  region size 1024K, 37 young (37888K), 4 survivors (4096K)
 Metaspace       used 35249K, capacity 37512K, committed 37864K, reserved 1083392K
  class space    used 3704K, capacity 4550K, committed 4684K, reserved 1048576K
}
Event: 30.518 GC heap after
{Heap after GC invocations=26 (full 0):
 garbage-first heap   total 389120K, used 45568K [0x00000000c0000000, 0x0000000100000000)
  region size 1024K, 4 young (4096K), 4 survivors (4096K)
 Metaspace       used 35249K, capacity 37512K, committed 37864K, reserved 1083392K
  class space    used 3704K, capacity 4550K, committed 4684K, reserved 1048576K
}
Event: 31.015 GC heap before
{Heap before GC invocations=26 (full 0):
 garbage-first heap   total 389120K, used 80384K [0x00000000c0000000, 0x0000000100000000)
  region size 1024K, 38 young (38912K), 4 survivors (4096K)
 Metaspace       used 35306K, capacity 37617K, committed 37864K, reserved 1083392K
  class space    used 3710K, capacity 4585K, committed 4684K, reserved 1048576K
}
Event: 31.257 GC heap after
{Heap after GC invocations=27 (full 0):
 garbage-first heap   total 389120K, used 49664K [0x00000000c0000000, 0x0000000100000000)
  region size 1024K, 4 young (4096K), 4 survivors (4096K)
 Metaspace       used 35306K, capacity 37617K, committed 37864K, reserved 1083392K
  class space    used 3710K, capacity 4585K, committed 4684K, reserved 1048576K
}
Event: 32.669 GC heap before
{Heap before GC invocations=27 (full 0):
 garbage-first heap   total 389120K, used 74240K [0x00000000c0000000, 0x0000000100000000)
  region size 1024K, 28 young (28672K), 4 survivors (4096K)
 Metaspace       used 35911K, capacity 38213K, committed 38376K, reserved 1083392K
  class space    used 3764K, capacity 4654K, committed 4684K, reserved 1048576K
}
Event: 33.009 GC heap after
{Heap after GC invocations=28 (full 0):
 garbage-first heap   total 389120K, used 52736K [0x00000000c0000000, 0x0000000100000000)
  region size 1024K, 3 young (3072K), 3 survivors (3072K)
 Metaspace       used 35911K, capacity 38213K, committed 38376K, reserved 1083392K
  class space    used 3764K, capacity 4654K, committed 4684K, reserved 1048576K
}
Event: 35.568 GC heap before
{Heap before GC invocations=28 (full 0):
 garbage-first heap   total 389120K, used 70144K [0x00000000c0000000, 0x0000000100000000)
  region size 1024K, 19 young (19456K), 3 survivors (3072K)
 Metaspace       used 36144K, capacity 38451K, committed 38760K, reserved 1083392K
  class space    used 3796K, capacity 4690K, committed 4812K, reserved 1048576K
}

