# JRE version: OpenJDK Runtime Environment (11.0.4+11) (build 11.0.4+11-post-Ubuntu-1ubuntu218.04.3)
# Java VM: OpenJDK 64-Bit Server VM (11.0.4+11-post-Ubuntu-1ubuntu218.04.3, mixed mode, sharing, tiered, compressed oops, g1 gc, linux-amd64)
Heap:
 garbage-first heap   total 342016K, used 46592K [0x00000000c0000000, 0x0000000100000000)
  region size 1024K, 1 young (1024K), 1 survivors (1024K)
 Metaspace       used 36878K, capacity 39197K, committed 39368K, reserved 1083392K
  class space    used 3874K, capacity 4730K, committed 4736K, reserved 1048576K
GC Heap History (10 events):
Event: 18.842 GC heap after
{Heap after GC invocations=14 (full 0):
 garbage-first heap   total 109568K, used 24064K [0x00000000c0000000, 0x0000000100000000)
  region size 1024K, 4 young (4096K), 4 survivors (4096K)
 Metaspace       used 34955K, capacity 37215K, committed 37448K, reserved 1083392K
  class space    used 3704K, capacity 4580K, committed 4608K, reserved 1048576K
}
Event: 19.565 GC heap before
{Heap before GC invocations=15 (full 0):
 garbage-first heap   total 109568K, used 73216K [0x00000000c0000000, 0x0000000100000000)
  region size 1024K, 51 young (52224K), 4 survivors (4096K)
 Metaspace       used 35101K, capacity 37407K, committed 37704K, reserved 1083392K
  class space    used 3712K, capacity 4580K, committed 4608K, reserved 1048576K
}
Event: 19.626 GC heap after
{Heap after GC invocations=16 (full 0):
 garbage-first heap   total 157696K, used 29184K [0x00000000c0000000, 0x0000000100000000)
  region size 1024K, 5 young (5120K), 5 survivors (5120K)
 Metaspace       used 35101K, capacity 37407K, committed 37704K, reserved 1083392K
  class space    used 3712K, capacity 4580K, committed 4608K, reserved 1048576K
}
Event: 20.380 GC heap before
{Heap before GC invocations=16 (full 0):
 garbage-first heap   total 157696K, used 92672K [0x00000000c0000000, 0x0000000100000000)
  region size 1024K, 68 young (69632K), 5 survivors (5120K)
 Metaspace       used 35323K, capacity 37535K, committed 37704K, reserved 1083392K
  class space    used 3723K, capacity 4580K, committed 4608K, reserved 1048576K
}
Event: 20.494 GC heap after
{Heap after GC invocations=17 (full 0):
 garbage-first heap   total 157696K, used 34816K [0x00000000c0000000, 0x0000000100000000)
  region size 1024K, 9 young (9216K), 9 survivors (9216K)
 Metaspace       used 35323K, capacity 37535K, committed 37704K, reserved 1083392K
  class space    used 3723K, capacity 4580K, committed 4608K, reserved 1048576K
}
Event: 22.293 GC heap before
{Heap before GC invocations=17 (full 0):
 garbage-first heap   total 157696K, used 112640K [0x00000000c0000000, 0x0000000100000000)
  region size 1024K, 86 young (88064K), 9 survivors (9216K)
 Metaspace       used 36561K, capacity 38823K, committed 39112K, reserved 1083392K
  class space    used 3842K, capacity 4689K, committed 4736K, reserved 1048576K
}
Event: 22.610 GC heap after
{Heap after GC invocations=18 (full 0):
 garbage-first heap   total 157696K, used 43845K [0x00000000c0000000, 0x0000000100000000)
  region size 1024K, 11 young (11264K), 11 survivors (11264K)
 Metaspace       used 36561K, capacity 38823K, committed 39112K, reserved 1083392K
  class space    used 3842K, capacity 4689K, committed 4736K, reserved 1048576K
}
Event: 22.924 GC heap before
{Heap before GC invocations=18 (full 0):
 garbage-first heap   total 157696K, used 54085K [0x00000000c0000000, 0x0000000100000000)
  region size 1024K, 21 young (21504K), 11 survivors (11264K)
 Metaspace       used 36762K, capacity 39069K, committed 39368K, reserved 1083392K
  class space    used 3864K, capacity 4730K, committed 4736K, reserved 1048576K
}
Event: 23.499 GC heap after
{Heap after GC invocations=19 (full 0):
 garbage-first heap   total 157696K, used 45568K [0x00000000c0000000, 0x0000000100000000)
  region size 1024K, 2 young (2048K), 2 survivors (2048K)
 Metaspace       used 36762K, capacity 39069K, committed 39368K, reserved 1083392K
  class space    used 3864K, capacity 4730K, committed 4736K, reserved 1048576K
}
Event: 23.661 GC heap before
{Heap before GC invocations=19 (full 0):
 garbage-first heap   total 157696K, used 50688K [0x00000000c0000000, 0x0000000100000000)
  region size 1024K, 7 young (7168K), 2 survivors (2048K)
 Metaspace       used 36878K, capacity 39197K, committed 39368K, reserved 1083392K
  class space    used 3874K, capacity 4730K, committed 4736K, reserved 1048576K
}

