# JRE version: OpenJDK Runtime Environment (11.0.4+11) (build 11.0.4+11-post-Ubuntu-1ubuntu218.04.3)
# Java VM: OpenJDK 64-Bit Server VM (11.0.4+11-post-Ubuntu-1ubuntu218.04.3, mixed mode, sharing, tiered, compressed oops, g1 gc, linux-amd64)
Heap:
 garbage-first heap   total 346112K, used 58368K [0x00000000c0000000, 0x0000000100000000)
  region size 1024K, 5 young (5120K), 5 survivors (5120K)
 Metaspace       used 37704K, capacity 40036K, committed 40192K, reserved 1085440K
  class space    used 3944K, capacity 4812K, committed 4864K, reserved 1048576K
GC Heap History (10 events):
Event: 18.946 GC heap after
{Heap after GC invocations=18 (full 0):
 garbage-first heap   total 173056K, used 32129K [0x00000000c0000000, 0x0000000100000000)
  region size 1024K, 7 young (7168K), 7 survivors (7168K)
 Metaspace       used 35236K, capacity 37470K, committed 37632K, reserved 1083392K
  class space    used 3729K, capacity 4580K, committed 4608K, reserved 1048576K
}
Event: 19.605 GC heap before
{Heap before GC invocations=18 (full 0):
 garbage-first heap   total 173056K, used 89473K [0x00000000c0000000, 0x0000000100000000)
  region size 1024K, 63 young (64512K), 7 survivors (7168K)
 Metaspace       used 35303K, capacity 37534K, committed 37888K, reserved 1083392K
  class space    used 3729K, capacity 4580K, committed 4608K, reserved 1048576K
}
Event: 19.684 GC heap after
{Heap after GC invocations=19 (full 0):
 garbage-first heap   total 173056K, used 37888K [0x00000000c0000000, 0x0000000100000000)
  region size 1024K, 8 young (8192K), 8 survivors (8192K)
 Metaspace       used 35303K, capacity 37534K, committed 37888K, reserved 1083392K
  class space    used 3729K, capacity 4580K, committed 4608K, reserved 1048576K
}
Event: 20.476 GC heap before
{Heap before GC invocations=19 (full 0):
 garbage-first heap   total 173056K, used 102400K [0x00000000c0000000, 0x0000000100000000)
  region size 1024K, 72 young (73728K), 8 survivors (8192K)
 Metaspace       used 36017K, capacity 38310K, committed 38528K, reserved 1083392K
  class space    used 3803K, capacity 4689K, committed 4736K, reserved 1048576K
}
Event: 20.652 GC heap after
{Heap after GC invocations=20 (full 0):
 garbage-first heap   total 173056K, used 45488K [0x00000000c0000000, 0x0000000100000000)
  region size 1024K, 8 young (8192K), 8 survivors (8192K)
 Metaspace       used 36017K, capacity 38310K, committed 38528K, reserved 1083392K
  class space    used 3803K, capacity 4689K, committed 4736K, reserved 1048576K
}
Event: 21.938 GC heap before
{Heap before GC invocations=20 (full 0):
 garbage-first heap   total 173056K, used 114096K [0x00000000c0000000, 0x0000000100000000)
  region size 1024K, 74 young (75776K), 8 survivors (8192K)
 Metaspace       used 37497K, capacity 39774K, committed 39936K, reserved 1085440K
  class space    used 3938K, capacity 4810K, committed 4864K, reserved 1048576K
}
Event: 22.112 GC heap after
{Heap after GC invocations=21 (full 0):
 garbage-first heap   total 173056K, used 53248K [0x00000000c0000000, 0x0000000100000000)
  region size 1024K, 7 young (7168K), 7 survivors (7168K)
 Metaspace       used 37497K, capacity 39774K, committed 39936K, reserved 1085440K
  class space    used 3938K, capacity 4810K, committed 4864K, reserved 1048576K
}
Event: 22.426 GC heap before
{Heap before GC invocations=21 (full 0):
 garbage-first heap   total 173056K, used 71680K [0x00000000c0000000, 0x0000000100000000)
  region size 1024K, 26 young (26624K), 7 survivors (7168K)
 Metaspace       used 37579K, capacity 39905K, committed 40192K, reserved 1085440K
  class space    used 3942K, capacity 4811K, committed 4864K, reserved 1048576K
}
Event: 22.587 GC heap after
{Heap after GC invocations=22 (full 0):
 garbage-first heap   total 173056K, used 55296K [0x00000000c0000000, 0x0000000100000000)
  region size 1024K, 2 young (2048K), 2 survivors (2048K)
 Metaspace       used 37579K, capacity 39905K, committed 40192K, reserved 1085440K
  class space    used 3942K, capacity 4811K, committed 4864K, reserved 1048576K
}
Event: 23.097 GC heap before
{Heap before GC invocations=22 (full 0):
 garbage-first heap   total 173056K, used 90112K [0x00000000c0000000, 0x0000000100000000)
  region size 1024K, 37 young (37888K), 2 survivors (2048K)
 Metaspace       used 37704K, capacity 40036K, committed 40192K, reserved 1085440K
  class space    used 3944K, capacity 4812K, committed 4864K, reserved 1048576K
}

